<?xml version="1.0" encoding="UTF-8"?>
<testsuite name="com.google.protobuf.DescriptorsTest" time="0.131" tests="22" errors="0" skipped="0" failures="0">
  <properties>
    <property name="java.runtime.name" value="Java(TM) SE Runtime Environment"/>
    <property name="sun.boot.library.path" value="/Library/Java/JavaVirtualMachines/jdk1.8.0_31.jdk/Contents/Home/jre/lib"/>
    <property name="java.vm.version" value="25.31-b07"/>
    <property name="gopherProxySet" value="false"/>
    <property name="java.vm.vendor" value="Oracle Corporation"/>
    <property name="java.vendor.url" value="http://java.oracle.com/"/>
    <property name="path.separator" value=":"/>
    <property name="guice.disable.misplaced.annotation.check" value="true"/>
    <property name="java.vm.name" value="Java HotSpot(TM) 64-Bit Server VM"/>
    <property name="file.encoding.pkg" value="sun.io"/>
    <property name="user.country" value="US"/>
    <property name="sun.java.launcher" value="SUN_STANDARD"/>
    <property name="sun.os.patch.level" value="unknown"/>
    <property name="java.vm.specification.name" value="Java Virtual Machine Specification"/>
    <property name="user.dir" value="/nx/work/vitessedata.ql/toolchain/protobuf-2.6.1/java"/>
    <property name="java.runtime.version" value="1.8.0_31-b13"/>
    <property name="java.awt.graphicsenv" value="sun.awt.CGraphicsEnvironment"/>
    <property name="java.endorsed.dirs" value="/Library/Java/JavaVirtualMachines/jdk1.8.0_31.jdk/Contents/Home/jre/lib/endorsed"/>
    <property name="os.arch" value="x86_64"/>
    <property name="java.io.tmpdir" value="/var/folders/3h/6b404_m94bb35p46xddtm2fr0000gn/T/"/>
    <property name="line.separator" value="&#10;"/>
    <property name="java.vm.specification.vendor" value="Oracle Corporation"/>
    <property name="os.name" value="Mac OS X"/>
    <property name="classworlds.conf" value="/opt/local/share/java/maven3/bin/m2.conf"/>
    <property name="sun.jnu.encoding" value="UTF-8"/>
    <property name="java.library.path" value="/Users/ftian/Library/Java/Extensions:/Library/Java/Extensions:/Network/Library/Java/Extensions:/System/Library/Java/Extensions:/usr/lib/java:."/>
    <property name="java.specification.name" value="Java Platform API Specification"/>
    <property name="java.class.version" value="52.0"/>
    <property name="sun.management.compiler" value="HotSpot 64-Bit Tiered Compilers"/>
    <property name="os.version" value="10.10.2"/>
    <property name="user.home" value="/Users/ftian"/>
    <property name="user.timezone" value="America/Los_Angeles"/>
    <property name="java.awt.printerjob" value="sun.lwawt.macosx.CPrinterJob"/>
    <property name="file.encoding" value="UTF-8"/>
    <property name="java.specification.version" value="1.8"/>
    <property name="user.name" value="ftian"/>
    <property name="java.class.path" value="/opt/local/share/java/maven3/boot/plexus-classworlds-2.5.2.jar"/>
    <property name="java.vm.specification.version" value="1.8"/>
    <property name="sun.arch.data.model" value="64"/>
    <property name="java.home" value="/Library/Java/JavaVirtualMachines/jdk1.8.0_31.jdk/Contents/Home/jre"/>
    <property name="sun.java.command" value="org.codehaus.plexus.classworlds.launcher.Launcher install"/>
    <property name="java.specification.vendor" value="Oracle Corporation"/>
    <property name="user.language" value="en"/>
    <property name="awt.toolkit" value="sun.lwawt.macosx.LWCToolkit"/>
    <property name="java.vm.info" value="mixed mode"/>
    <property name="java.version" value="1.8.0_31"/>
    <property name="java.ext.dirs" value="/Users/ftian/Library/Java/Extensions:/Library/Java/JavaVirtualMachines/jdk1.8.0_31.jdk/Contents/Home/jre/lib/ext:/Library/Java/Extensions:/Network/Library/Java/Extensions:/System/Library/Java/Extensions:/usr/lib/java"/>
    <property name="sun.boot.class.path" value="/Library/Java/JavaVirtualMachines/jdk1.8.0_31.jdk/Contents/Home/jre/lib/resources.jar:/Library/Java/JavaVirtualMachines/jdk1.8.0_31.jdk/Contents/Home/jre/lib/rt.jar:/Library/Java/JavaVirtualMachines/jdk1.8.0_31.jdk/Contents/Home/jre/lib/sunrsasign.jar:/Library/Java/JavaVirtualMachines/jdk1.8.0_31.jdk/Contents/Home/jre/lib/jsse.jar:/Library/Java/JavaVirtualMachines/jdk1.8.0_31.jdk/Contents/Home/jre/lib/jce.jar:/Library/Java/JavaVirtualMachines/jdk1.8.0_31.jdk/Contents/Home/jre/lib/charsets.jar:/Library/Java/JavaVirtualMachines/jdk1.8.0_31.jdk/Contents/Home/jre/lib/jfr.jar:/Library/Java/JavaVirtualMachines/jdk1.8.0_31.jdk/Contents/Home/jre/classes"/>
    <property name="java.vendor" value="Oracle Corporation"/>
    <property name="maven.home" value="/opt/local/share/java/maven3"/>
    <property name="file.separator" value="/"/>
    <property name="java.vendor.url.bug" value="http://bugreport.sun.com/bugreport/"/>
    <property name="sun.cpu.endian" value="little"/>
    <property name="sun.io.unicode.encoding" value="UnicodeBig"/>
    <property name="sun.cpu.isalist" value=""/>
  </properties>
  <testcase name="testFieldTypeEnumMapping" classname="com.google.protobuf.DescriptorsTest" time="0.004"/>
  <testcase name="testFileDescriptor" classname="com.google.protobuf.DescriptorsTest" time="0.001"/>
  <testcase name="testDescriptor" classname="com.google.protobuf.DescriptorsTest" time="0.001"/>
  <testcase name="testFieldDescriptor" classname="com.google.protobuf.DescriptorsTest" time="0"/>
  <testcase name="testFieldDescriptorLabel" classname="com.google.protobuf.DescriptorsTest" time="0.001"/>
  <testcase name="testFieldDescriptorDefault" classname="com.google.protobuf.DescriptorsTest" time="0.009"/>
  <testcase name="testEnumDescriptor" classname="com.google.protobuf.DescriptorsTest" time="0"/>
  <testcase name="testServiceDescriptor" classname="com.google.protobuf.DescriptorsTest" time="0.005"/>
  <testcase name="testCustomOptions" classname="com.google.protobuf.DescriptorsTest" time="0.066"/>
  <testcase name="testFieldTypeTablesMatch" classname="com.google.protobuf.DescriptorsTest" time="0"/>
  <testcase name="testJavaTypeTablesMatch" classname="com.google.protobuf.DescriptorsTest" time="0"/>
  <testcase name="testEnormousDescriptor" classname="com.google.protobuf.DescriptorsTest" time="0.024"/>
  <testcase name="testDescriptorValidatorException" classname="com.google.protobuf.DescriptorsTest" time="0.01"/>
  <testcase name="testDescriptorComplexCrosslink" classname="com.google.protobuf.DescriptorsTest" time="0"/>
  <testcase name="testDependencyOrder" classname="com.google.protobuf.DescriptorsTest" time="0"/>
  <testcase name="testInvalidPublicDependency" classname="com.google.protobuf.DescriptorsTest" time="0"/>
  <testcase name="testHiddenDependency" classname="com.google.protobuf.DescriptorsTest" time="0.001"/>
  <testcase name="testPublicDependency" classname="com.google.protobuf.DescriptorsTest" time="0"/>
  <testcase name="testComplexNamespacePublicDependency" classname="com.google.protobuf.DescriptorsTest" time="0.006"/>
  <testcase name="testOneofDescriptor" classname="com.google.protobuf.DescriptorsTest" time="0"/>
  <testcase name="testMessageDescriptorExtensions" classname="com.google.protobuf.DescriptorsTest" time="0.003"/>
  <testcase name="testPackedEnumField" classname="com.google.protobuf.DescriptorsTest" time="0"/>
</testsuite>