<?xml version="1.0" encoding="UTF-8"?>
<testsuite name="com.google.protobuf.GeneratedMessageTest" time="0.116" tests="76" errors="0" skipped="0" failures="0">
  <properties>
    <property name="java.runtime.name" value="Java(TM) SE Runtime Environment"/>
    <property name="sun.boot.library.path" value="/Library/Java/JavaVirtualMachines/jdk1.8.0_31.jdk/Contents/Home/jre/lib"/>
    <property name="java.vm.version" value="25.31-b07"/>
    <property name="gopherProxySet" value="false"/>
    <property name="java.vm.vendor" value="Oracle Corporation"/>
    <property name="java.vendor.url" value="http://java.oracle.com/"/>
    <property name="path.separator" value=":"/>
    <property name="guice.disable.misplaced.annotation.check" value="true"/>
    <property name="java.vm.name" value="Java HotSpot(TM) 64-Bit Server VM"/>
    <property name="file.encoding.pkg" value="sun.io"/>
    <property name="user.country" value="US"/>
    <property name="sun.java.launcher" value="SUN_STANDARD"/>
    <property name="sun.os.patch.level" value="unknown"/>
    <property name="java.vm.specification.name" value="Java Virtual Machine Specification"/>
    <property name="user.dir" value="/nx/work/vitessedata.ql/toolchain/protobuf-2.6.1/java"/>
    <property name="java.runtime.version" value="1.8.0_31-b13"/>
    <property name="java.awt.graphicsenv" value="sun.awt.CGraphicsEnvironment"/>
    <property name="java.endorsed.dirs" value="/Library/Java/JavaVirtualMachines/jdk1.8.0_31.jdk/Contents/Home/jre/lib/endorsed"/>
    <property name="os.arch" value="x86_64"/>
    <property name="java.io.tmpdir" value="/var/folders/3h/6b404_m94bb35p46xddtm2fr0000gn/T/"/>
    <property name="line.separator" value="&#10;"/>
    <property name="java.vm.specification.vendor" value="Oracle Corporation"/>
    <property name="os.name" value="Mac OS X"/>
    <property name="classworlds.conf" value="/opt/local/share/java/maven3/bin/m2.conf"/>
    <property name="sun.jnu.encoding" value="UTF-8"/>
    <property name="java.library.path" value="/Users/ftian/Library/Java/Extensions:/Library/Java/Extensions:/Network/Library/Java/Extensions:/System/Library/Java/Extensions:/usr/lib/java:."/>
    <property name="java.specification.name" value="Java Platform API Specification"/>
    <property name="java.class.version" value="52.0"/>
    <property name="sun.management.compiler" value="HotSpot 64-Bit Tiered Compilers"/>
    <property name="os.version" value="10.10.2"/>
    <property name="user.home" value="/Users/ftian"/>
    <property name="user.timezone" value="America/Los_Angeles"/>
    <property name="java.awt.printerjob" value="sun.lwawt.macosx.CPrinterJob"/>
    <property name="file.encoding" value="UTF-8"/>
    <property name="java.specification.version" value="1.8"/>
    <property name="user.name" value="ftian"/>
    <property name="java.class.path" value="/opt/local/share/java/maven3/boot/plexus-classworlds-2.5.2.jar"/>
    <property name="java.vm.specification.version" value="1.8"/>
    <property name="sun.arch.data.model" value="64"/>
    <property name="java.home" value="/Library/Java/JavaVirtualMachines/jdk1.8.0_31.jdk/Contents/Home/jre"/>
    <property name="sun.java.command" value="org.codehaus.plexus.classworlds.launcher.Launcher install"/>
    <property name="java.specification.vendor" value="Oracle Corporation"/>
    <property name="user.language" value="en"/>
    <property name="awt.toolkit" value="sun.lwawt.macosx.LWCToolkit"/>
    <property name="java.vm.info" value="mixed mode"/>
    <property name="java.version" value="1.8.0_31"/>
    <property name="java.ext.dirs" value="/Users/ftian/Library/Java/Extensions:/Library/Java/JavaVirtualMachines/jdk1.8.0_31.jdk/Contents/Home/jre/lib/ext:/Library/Java/Extensions:/Network/Library/Java/Extensions:/System/Library/Java/Extensions:/usr/lib/java"/>
    <property name="sun.boot.class.path" value="/Library/Java/JavaVirtualMachines/jdk1.8.0_31.jdk/Contents/Home/jre/lib/resources.jar:/Library/Java/JavaVirtualMachines/jdk1.8.0_31.jdk/Contents/Home/jre/lib/rt.jar:/Library/Java/JavaVirtualMachines/jdk1.8.0_31.jdk/Contents/Home/jre/lib/sunrsasign.jar:/Library/Java/JavaVirtualMachines/jdk1.8.0_31.jdk/Contents/Home/jre/lib/jsse.jar:/Library/Java/JavaVirtualMachines/jdk1.8.0_31.jdk/Contents/Home/jre/lib/jce.jar:/Library/Java/JavaVirtualMachines/jdk1.8.0_31.jdk/Contents/Home/jre/lib/charsets.jar:/Library/Java/JavaVirtualMachines/jdk1.8.0_31.jdk/Contents/Home/jre/lib/jfr.jar:/Library/Java/JavaVirtualMachines/jdk1.8.0_31.jdk/Contents/Home/jre/classes"/>
    <property name="java.vendor" value="Oracle Corporation"/>
    <property name="maven.home" value="/opt/local/share/java/maven3"/>
    <property name="file.separator" value="/"/>
    <property name="java.vendor.url.bug" value="http://bugreport.sun.com/bugreport/"/>
    <property name="sun.cpu.endian" value="little"/>
    <property name="sun.io.unicode.encoding" value="UnicodeBig"/>
    <property name="sun.cpu.isalist" value=""/>
  </properties>
  <testcase name="testToBuilder" classname="com.google.protobuf.GeneratedMessageTest" time="0.001"/>
  <testcase name="testDefaultInstance" classname="com.google.protobuf.GeneratedMessageTest" time="0.001"/>
  <testcase name="testMessageOrBuilder" classname="com.google.protobuf.GeneratedMessageTest" time="0"/>
  <testcase name="testUsingBuilderMultipleTimes" classname="com.google.protobuf.GeneratedMessageTest" time="0.001"/>
  <testcase name="testProtosShareRepeatedArraysIfDidntChange" classname="com.google.protobuf.GeneratedMessageTest" time="0"/>
  <testcase name="testRepeatedArraysAreImmutable" classname="com.google.protobuf.GeneratedMessageTest" time="0"/>
  <testcase name="testParsedMessagesAreImmutable" classname="com.google.protobuf.GeneratedMessageTest" time="0.001"/>
  <testcase name="testSettersRejectNull" classname="com.google.protobuf.GeneratedMessageTest" time="0.009"/>
  <testcase name="testRepeatedSetters" classname="com.google.protobuf.GeneratedMessageTest" time="0.001"/>
  <testcase name="testRepeatedSettersRejectNull" classname="com.google.protobuf.GeneratedMessageTest" time="0"/>
  <testcase name="testRepeatedAppend" classname="com.google.protobuf.GeneratedMessageTest" time="0.001"/>
  <testcase name="testRepeatedAppendRejectsNull" classname="com.google.protobuf.GeneratedMessageTest" time="0"/>
  <testcase name="testRepeatedAppendIterateOnlyOnce" classname="com.google.protobuf.GeneratedMessageTest" time="0.001"/>
  <testcase name="testMergeFromOtherRejectsNull" classname="com.google.protobuf.GeneratedMessageTest" time="0"/>
  <testcase name="testSettingForeignMessageUsingBuilder" classname="com.google.protobuf.GeneratedMessageTest" time="0.001"/>
  <testcase name="testSettingRepeatedForeignMessageUsingBuilder" classname="com.google.protobuf.GeneratedMessageTest" time="0"/>
  <testcase name="testDefaults" classname="com.google.protobuf.GeneratedMessageTest" time="0.001"/>
  <testcase name="testReflectionGetters" classname="com.google.protobuf.GeneratedMessageTest" time="0.001"/>
  <testcase name="testReflectionSetters" classname="com.google.protobuf.GeneratedMessageTest" time="0.001"/>
  <testcase name="testReflectionSettersRejectNull" classname="com.google.protobuf.GeneratedMessageTest" time="0.001"/>
  <testcase name="testReflectionRepeatedSetters" classname="com.google.protobuf.GeneratedMessageTest" time="0.002"/>
  <testcase name="testReflectionRepeatedSettersRejectNull" classname="com.google.protobuf.GeneratedMessageTest" time="0"/>
  <testcase name="testReflectionDefaults" classname="com.google.protobuf.GeneratedMessageTest" time="0.001"/>
  <testcase name="testReflectionGetOneof" classname="com.google.protobuf.GeneratedMessageTest" time="0.001"/>
  <testcase name="testReflectionClearOneof" classname="com.google.protobuf.GeneratedMessageTest" time="0.001"/>
  <testcase name="testEnumInterface" classname="com.google.protobuf.GeneratedMessageTest" time="0"/>
  <testcase name="testEnumMap" classname="com.google.protobuf.GeneratedMessageTest" time="0"/>
  <testcase name="testExtensionMessageOrBuilder" classname="com.google.protobuf.GeneratedMessageTest" time="0.001"/>
  <testcase name="testExtensionRepeatedSetters" classname="com.google.protobuf.GeneratedMessageTest" time="0.001"/>
  <testcase name="testExtensionDefaults" classname="com.google.protobuf.GeneratedMessageTest" time="0.001"/>
  <testcase name="testExtensionReflectionGetters" classname="com.google.protobuf.GeneratedMessageTest" time="0.001"/>
  <testcase name="testExtensionReflectionSetters" classname="com.google.protobuf.GeneratedMessageTest" time="0.001"/>
  <testcase name="testExtensionReflectionSettersRejectNull" classname="com.google.protobuf.GeneratedMessageTest" time="0"/>
  <testcase name="testExtensionReflectionRepeatedSetters" classname="com.google.protobuf.GeneratedMessageTest" time="0.001"/>
  <testcase name="testExtensionReflectionRepeatedSettersRejectNull" classname="com.google.protobuf.GeneratedMessageTest" time="0"/>
  <testcase name="testExtensionReflectionDefaults" classname="com.google.protobuf.GeneratedMessageTest" time="0"/>
  <testcase name="testClearExtension" classname="com.google.protobuf.GeneratedMessageTest" time="0"/>
  <testcase name="testExtensionCopy" classname="com.google.protobuf.GeneratedMessageTest" time="0.001"/>
  <testcase name="testExtensionMergeFrom" classname="com.google.protobuf.GeneratedMessageTest" time="0"/>
  <testcase name="testLiteExtensionMessageOrBuilder" classname="com.google.protobuf.GeneratedMessageTest" time="0.013"/>
  <testcase name="testLiteExtensionRepeatedSetters" classname="com.google.protobuf.GeneratedMessageTest" time="0.001"/>
  <testcase name="testLiteExtensionDefaults" classname="com.google.protobuf.GeneratedMessageTest" time="0"/>
  <testcase name="testClearLiteExtension" classname="com.google.protobuf.GeneratedMessageTest" time="0"/>
  <testcase name="testLiteExtensionCopy" classname="com.google.protobuf.GeneratedMessageTest" time="0.002"/>
  <testcase name="testLiteExtensionMergeFrom" classname="com.google.protobuf.GeneratedMessageTest" time="0"/>
  <testcase name="testEnumValueOptionsInMultipleFilesMode" classname="com.google.protobuf.GeneratedMessageTest" time="0.005"/>
  <testcase name="testMultipleFilesOption" classname="com.google.protobuf.GeneratedMessageTest" time="0.011"/>
  <testcase name="testOptionalFieldWithRequiredSubfieldsOptimizedForSize" classname="com.google.protobuf.GeneratedMessageTest" time="0.004"/>
  <testcase name="testUninitializedExtensionInOptimizedForSize" classname="com.google.protobuf.GeneratedMessageTest" time="0.001"/>
  <testcase name="testFieldConstantValues" classname="com.google.protobuf.GeneratedMessageTest" time="0"/>
  <testcase name="testExtensionConstantValues" classname="com.google.protobuf.GeneratedMessageTest" time="0"/>
  <testcase name="testRecursiveMessageDefaultInstance" classname="com.google.protobuf.GeneratedMessageTest" time="0"/>
  <testcase name="testSerialize" classname="com.google.protobuf.GeneratedMessageTest" time="0.019"/>
  <testcase name="testSerializePartial" classname="com.google.protobuf.GeneratedMessageTest" time="0.001"/>
  <testcase name="testEnumValues" classname="com.google.protobuf.GeneratedMessageTest" time="0"/>
  <testcase name="testNonNestedExtensionInitialization" classname="com.google.protobuf.GeneratedMessageTest" time="0.003"/>
  <testcase name="testNestedExtensionInitialization" classname="com.google.protobuf.GeneratedMessageTest" time="0.003"/>
  <testcase name="testNonNestedExtensionLiteInitialization" classname="com.google.protobuf.GeneratedMessageTest" time="0.002"/>
  <testcase name="testNestedExtensionLiteInitialization" classname="com.google.protobuf.GeneratedMessageTest" time="0.002"/>
  <testcase name="testInvalidations" classname="com.google.protobuf.GeneratedMessageTest" time="0.001"/>
  <testcase name="testInvalidations_Extensions" classname="com.google.protobuf.GeneratedMessageTest" time="0"/>
  <testcase name="testBaseMessageOrBuilder" classname="com.google.protobuf.GeneratedMessageTest" time="0"/>
  <testcase name="testMessageOrBuilderGetters" classname="com.google.protobuf.GeneratedMessageTest" time="0"/>
  <testcase name="testGetFieldBuilder" classname="com.google.protobuf.GeneratedMessageTest" time="0.001"/>
  <testcase name="testGetFieldBuilderWithInitializedValue" classname="com.google.protobuf.GeneratedMessageTest" time="0"/>
  <testcase name="testGetFieldBuilderNotSupportedException" classname="com.google.protobuf.GeneratedMessageTest" time="0"/>
  <testcase name="testConflictingOuterClassName" classname="com.google.protobuf.GeneratedMessageTest" time="0.004"/>
  <testcase name="testOneofEnumCase" classname="com.google.protobuf.GeneratedMessageTest" time="0.006"/>
  <testcase name="testClearOneof" classname="com.google.protobuf.GeneratedMessageTest" time="0"/>
  <testcase name="testSetOneofClearsOthers" classname="com.google.protobuf.GeneratedMessageTest" time="0.002"/>
  <testcase name="testOneofTypes" classname="com.google.protobuf.GeneratedMessageTest" time="0.001"/>
  <testcase name="testOneofMerge" classname="com.google.protobuf.GeneratedMessageTest" time="0"/>
  <testcase name="testOneofSerialization" classname="com.google.protobuf.GeneratedMessageTest" time="0"/>
  <testcase name="testClear" classname="com.google.protobuf.GeneratedMessageTest" time="0"/>
  <testcase name="testParsePackedToUnpacked" classname="com.google.protobuf.GeneratedMessageTest" time="0.001"/>
  <testcase name="testParseUnpackedToPacked" classname="com.google.protobuf.GeneratedMessageTest" time="0"/>
</testsuite>